<?xml version="1.0" encoding="UTF-8"?>
<!-- Generated by org.testng.reporters.JUnitReportReporter -->
<testsuite hostname="LAPTOP-D5N72TT5" failures="0" tests="2" name="noopcoomerce.home_test" time="3.242" errors="0" timestamp="2024-05-09T17:26:02 IST" skipped="0">
  <testcase classname="noopcoomerce.home_test" name="run1" time="2.043"/>
  <system-out/>
  <testcase classname="noopcoomerce.home_test" name="run" time="1.199"/>
  <system-out/>
</testsuite> <!-- noopcoomerce.home_test -->
