<?xml version="1.0" encoding="UTF-8"?>
<!-- Generated by org.testng.reporters.JUnitReportReporter -->
<testsuite hostname="LAPTOP-D5N72TT5" failures="0" tests="1" name="noopcoomerce.product_list" time="8.334" errors="0" timestamp="2024-06-21T13:02:00 IST" skipped="0">
  <testcase classname="noopcoomerce.product_list" name="run" time="8.334"/>
  <system-out/>
</testsuite> <!-- noopcoomerce.product_list -->
