<?xml version="1.0" encoding="UTF-8"?>
<!-- Generated by org.testng.reporters.JUnitReportReporter -->
<testsuite hostname="LAPTOP-D5N72TT5" failures="0" tests="1" name="nop_commerse_2.home_page_2" time="16.632" errors="0" timestamp="2024-06-06T18:18:03 IST" skipped="0">
  <testcase classname="nop_commerse_2.home_page_2" name="run1" time="16.632"/>
  <system-out/>
</testsuite> <!-- nop_commerse_2.home_page_2 -->
